[debug] [2020-12-12T03:01:14.251Z] ----------------------------------------------------------------------
[debug] [2020-12-12T03:01:14.252Z] Command:       C:\Program Files\nodejs\node.exe C:\Users\sarah\AppData\Roaming\npm\node_modules\firebase-tools\lib\bin\firebase.js login
[debug] [2020-12-12T03:01:14.253Z] CLI Version:   8.19.0
[debug] [2020-12-12T03:01:14.253Z] Platform:      win32
[debug] [2020-12-12T03:01:14.253Z] Node Version:  v14.15.1
[debug] [2020-12-12T03:01:14.254Z] Time:          Fri Dec 11 2020 22:01:14 GMT-0500 (Eastern Standard Time)
[debug] [2020-12-12T03:01:14.254Z] ----------------------------------------------------------------------
[debug] [2020-12-12T03:01:14.254Z] 
[info] i  Firebase optionally collects CLI usage and error reporting information to help improve our products. Data is collected in accordance with Google's privacy policy (https://policies.google.com/privacy) and is not used to identify you.
 
[info] i  To change your data collection preference at any time, run `firebase logout` and log in again. 
[info] 
[info] Visit this URL on this device to log in:
[info] https://accounts.google.com/o/oauth2/auth?client_id=563584335869-fgrhgmd47bqnekij5i8b5pr03ho849e6.apps.googleusercontent.com&scope=email%20openid%20https%3A%2F%2Fwww.googleapis.com%2Fauth%2Fcloudplatformprojects.readonly%20https%3A%2F%2Fwww.googleapis.com%2Fauth%2Ffirebase%20https%3A%2F%2Fwww.googleapis.com%2Fauth%2Fcloud-platform&response_type=code&state=80172178&redirect_uri=http%3A%2F%2Flocalhost%3A9006
[info] 
[info] Waiting for authentication...
[debug] [2020-12-12T03:01:20.823Z] >>> HTTP REQUEST POST https://accounts.google.com/o/oauth2/token  
 {"code":"4/0AY0e-g7eAUDH9uHcsV5OUzauXzshBBqd2IH4prTyjO_0PXb582XGXQhUr_JS-HspqvAvBg","client_id":"563584335869-fgrhgmd47bqnekij5i8b5pr03ho849e6.apps.googleusercontent.com","client_secret":"j9iVZfS8kkCEFUPaAeJV0sAi","redirect_uri":"http://localhost:9006","grant_type":"authorization_code"}
[debug] [2020-12-12T03:01:20.836Z] Token Fetch Error: FirebaseError: Server Error. tunneling socket could not be established, cause=connect ECONNREFUSED 127.0.0.1:80
    at Request._callback (C:\Users\sarah\AppData\Roaming\npm\node_modules\firebase-tools\lib\api.js:32:31)
    at self.callback (C:\Users\sarah\AppData\Roaming\npm\node_modules\firebase-tools\node_modules\request\request.js:185:22)
    at Request.emit (events.js:315:20)
    at Request.EventEmitter.emit (domain.js:486:12)
    at Request.onRequestError (C:\Users\sarah\AppData\Roaming\npm\node_modules\firebase-tools\node_modules\request\request.js:879:8)
    at ClientRequest.emit (events.js:315:20)
    at ClientRequest.EventEmitter.emit (domain.js:486:12)
    at ClientRequest.onError (C:\Users\sarah\AppData\Roaming\npm\node_modules\firebase-tools\node_modules\tunnel-agent\index.js:179:21)
    at Object.onceWrapper (events.js:422:26)
    at ClientRequest.emit (events.js:315:20)
    at ClientRequest.EventEmitter.emit (domain.js:486:12)
    at Socket.socketErrorListener (_http_client.js:469:9)
    at Socket.emit (events.js:315:20)
    at Socket.EventEmitter.emit (domain.js:486:12)
    at emitErrorNT (internal/streams/destroy.js:106:8)
    at emitErrorCloseNT (internal/streams/destroy.js:74:3)
[debug] [2020-12-12T03:03:57.545Z] ----------------------------------------------------------------------
[debug] [2020-12-12T03:03:57.547Z] Command:       C:\Program Files\nodejs\node.exe C:\Users\sarah\AppData\Roaming\npm\node_modules\firebase-tools\lib\bin\firebase.js login
[debug] [2020-12-12T03:03:57.547Z] CLI Version:   8.19.0
[debug] [2020-12-12T03:03:57.547Z] Platform:      win32
[debug] [2020-12-12T03:03:57.548Z] Node Version:  v14.15.1
[debug] [2020-12-12T03:03:57.549Z] Time:          Fri Dec 11 2020 22:03:57 GMT-0500 (Eastern Standard Time)
[debug] [2020-12-12T03:03:57.549Z] ----------------------------------------------------------------------
[debug] [2020-12-12T03:03:57.549Z] 
[info] i  Firebase optionally collects CLI usage and error reporting information to help improve our products. Data is collected in accordance with Google's privacy policy (https://policies.google.com/privacy) and is not used to identify you.
 
[info] i  To change your data collection preference at any time, run `firebase logout` and log in again. 
[info] 
[info] Visit this URL on this device to log in:
[info] https://accounts.google.com/o/oauth2/auth?client_id=563584335869-fgrhgmd47bqnekij5i8b5pr03ho849e6.apps.googleusercontent.com&scope=email%20openid%20https%3A%2F%2Fwww.googleapis.com%2Fauth%2Fcloudplatformprojects.readonly%20https%3A%2F%2Fwww.googleapis.com%2Fauth%2Ffirebase%20https%3A%2F%2Fwww.googleapis.com%2Fauth%2Fcloud-platform&response_type=code&state=762958790&redirect_uri=http%3A%2F%2Flocalhost%3A9006
[info] 
[info] Waiting for authentication...
[debug] [2020-12-12T03:04:04.782Z] >>> HTTP REQUEST POST https://accounts.google.com/o/oauth2/token  
 {"code":"4/0AY0e-g4Wx2Hs2YR5J9F1pnAwbCc_KVPQVV9MNRrUrnX9hj1_OOSq9TuUAr_C0YX7ISOOQQ","client_id":"563584335869-fgrhgmd47bqnekij5i8b5pr03ho849e6.apps.googleusercontent.com","client_secret":"j9iVZfS8kkCEFUPaAeJV0sAi","redirect_uri":"http://localhost:9006","grant_type":"authorization_code"}
[debug] [2020-12-12T03:04:04.795Z] Token Fetch Error: FirebaseError: Server Error. tunneling socket could not be established, cause=connect ECONNREFUSED 127.0.0.1:80
    at Request._callback (C:\Users\sarah\AppData\Roaming\npm\node_modules\firebase-tools\lib\api.js:32:31)
    at self.callback (C:\Users\sarah\AppData\Roaming\npm\node_modules\firebase-tools\node_modules\request\request.js:185:22)
    at Request.emit (events.js:315:20)
    at Request.EventEmitter.emit (domain.js:486:12)
    at Request.onRequestError (C:\Users\sarah\AppData\Roaming\npm\node_modules\firebase-tools\node_modules\request\request.js:879:8)
    at ClientRequest.emit (events.js:315:20)
    at ClientRequest.EventEmitter.emit (domain.js:486:12)
    at ClientRequest.onError (C:\Users\sarah\AppData\Roaming\npm\node_modules\firebase-tools\node_modules\tunnel-agent\index.js:179:21)
    at Object.onceWrapper (events.js:422:26)
    at ClientRequest.emit (events.js:315:20)
    at ClientRequest.EventEmitter.emit (domain.js:486:12)
    at Socket.socketErrorListener (_http_client.js:469:9)
    at Socket.emit (events.js:315:20)
    at Socket.EventEmitter.emit (domain.js:486:12)
    at emitErrorNT (internal/streams/destroy.js:106:8)
    at emitErrorCloseNT (internal/streams/destroy.js:74:3)
